<?xml version="1.0" encoding="UTF-8"?>
<!-- Generated by org.testng.reporters.JUnitReportReporter -->
<testsuite hostname="EDM-LAPTOP" failures="0" tests="1" name="com.Flipkart.testscripts.Test" time="0.012" errors="0" timestamp="2021-03-29T15:32:07 IST" skipped="0">
  <testcase classname="com.Flipkart.testscripts.Test" name="a" time="0.012"/>
  <system-out>
fghjk  </system-out>
</testsuite> <!-- com.Flipkart.testscripts.Test -->
