<?xml version="1.0" encoding="UTF-8"?>
<!-- Generated by org.testng.reporters.JUnitReportReporter -->
<testsuite hostname="EDM-LAPTOP" failures="0" tests="1" name="com.Flipkart.testscripts.LoginTest" time="13.792" errors="0" timestamp="2021-03-30T12:57:57 IST" skipped="0">
  <testcase classname="com.Flipkart.testscripts.LoginTest" name="Login" time="13.792"/>
  <system-out/>
</testsuite> <!-- com.Flipkart.testscripts.LoginTest -->
